Arguments: 
  /Users/gustavosepulveda/.nvm/versions/node/v16.13.2/bin/node /Users/gustavosepulveda/.nvm/versions/node/v16.13.2/bin/yarn global bin

PATH: 
  /Users/gustavosepulveda/.nvm/versions/node/v16.13.2/bin:/opt/homebrew/bin:/opt/homebrew/sbin:/usr/local/bin:/usr/bin:/bin:/usr/sbin:/sbin:/Library/Apple/usr/bin:/Users/gustavosepulveda/Library/Android/sdk/platform-tools:/Users/gustavosepulveda/.nvm/versions/node/v16.13.2/bin:/opt/homebrew/bin:/opt/homebrew/sbin:/Users/gustavosepulveda/.yarn/bin

Yarn version: 
  1.22.18

Node version: 
  16.13.2

Platform: 
  darwin arm64

Trace: 
  SyntaxError: /Users/gustavosepulveda/Desktop/NucampFolder/5-NodeJS-Express-MongoDB/node-express/package.json: Unexpected end of JSON input
      at JSON.parse (<anonymous>)
      at /Users/gustavosepulveda/.nvm/versions/node/v16.13.2/lib/node_modules/yarn/lib/cli.js:1625:59
      at Generator.next (<anonymous>)
      at step (/Users/gustavosepulveda/.nvm/versions/node/v16.13.2/lib/node_modules/yarn/lib/cli.js:310:30)
      at /Users/gustavosepulveda/.nvm/versions/node/v16.13.2/lib/node_modules/yarn/lib/cli.js:321:13

npm manifest: 
  

yarn manifest: 
  No manifest

Lockfile: 
  No lockfile
